<?xml version="1.0" encoding="UTF-8"?>
<testng-results ignored="0" total="1" passed="1" failed="0" skipped="0">
  <reporter-output>
  </reporter-output>
  <suite started-at="2022-02-15T15:35:02 PST" name="Default suite" finished-at="2022-02-15T15:35:27 PST" duration-ms="24335">
    <groups>
    </groups>
    <test started-at="2022-02-15T15:35:02 PST" name="Default test" finished-at="2022-02-15T15:35:27 PST" duration-ms="24335">
      <class name="com.WordPress.Testcases.VerifyValidLogin">
        <test-method signature="checkValidUser()[pri:0, instance:com.WordPress.Testcases.VerifyValidLogin@4fb3ee4e]" started-at="2022-02-15T15:35:02 PST" name="checkValidUser" finished-at="2022-02-15T15:35:27 PST" duration-ms="24289" status="PASS">
          <reporter-output>
          </reporter-output>
        </test-method> <!-- checkValidUser -->
      </class> <!-- com.WordPress.Testcases.VerifyValidLogin -->
    </test> <!-- Default test -->
  </suite> <!-- Default suite -->
</testng-results>
